This file contains any messages produced by compilers while
running configure, to aid debugging if configure makes a mistake.

It was created by libenet configure 1.3.17, which was
generated by GNU Autoconf 2.71.  Invocation command line was

  $ ./configure

## --------- ##
## Platform. ##
## --------- ##

hostname = Ismoh-PC
uname -m = x86_64
uname -r = 3.2.0-340.x86_64
uname -s = MINGW32_NT-10.0-19042
uname -v = 2021-08-02 16:30 UTC

/usr/bin/uname -p = unknown
/bin/uname -X     = unknown

/bin/arch              = x86_64
/usr/bin/arch -k       = unknown
/usr/convex/getsysinfo = unknown
/usr/bin/hostinfo      = unknown
/bin/machine           = unknown
/usr/bin/oslevel       = unknown
/bin/universe          = unknown

PATH: /mingw32/bin/
PATH: /usr/local/bin/
PATH: /usr/bin/
PATH: /bin/
PATH: /c/Windows/System32/
PATH: /c/Windows/
PATH: /c/Windows/System32/Wbem/
PATH: /c/Windows/System32/WindowsPowerShell/v1.0/
PATH: /usr/bin/site_perl/
PATH: /usr/bin/vendor_perl/
PATH: /usr/bin/core_perl/


## ----------- ##
## Core tests. ##
## ----------- ##

configure:2106: loading site script /etc/config.site
| # This file is in public domain.
| # Original author: Karlson2k (Evgeny Grin)
| # Written for MSys2 to help running 'configure' scripts
| 
| # Defaults for MSys2/MinGW64-targeted programs
| 
| # Set proper selfname on bash and fallback to default name on other shells
| test -n "${BASH_SOURCE}" 2>/dev/null && config_site_me="${BASH_SOURCE[0]##*/}" || config_site_me=config.site
| 
| # Set default 'host' to speedup configure
| if test -z "$build_alias"; then
|   build_alias="${MSYSTEM_CHOST}"  && \
|     ${as_echo-echo} "$config_site_me:${as_lineno-$LINENO}: default build_alias set to $build_alias" >&5
| fi
| 
| # Set default 'prefix'
| if ( test -z "$prefix" || test "x$prefix" = "xNONE" ) && \
|     ( test -z "$exec_prefix" || test "x$exec_prefix" = "xNONE" ); then
|   prefix="${MSYSTEM_PREFIX}" && \
|     ${as_echo-echo} "$config_site_me:${as_lineno-$LINENO}: default prefix set to $prefix" >&5
| fi
config.site:13: default build_alias set to i686-w64-mingw32
config.site:20: default prefix set to /mingw32
configure:2465: looking for aux files: config.guess config.sub ltmain.sh compile missing install-sh
configure:2478:  trying ./
configure:2507:   ./config.guess found
configure:2507:   ./config.sub found
configure:2507:   ./ltmain.sh found
configure:2507:   ./compile found
configure:2507:   ./missing found
configure:2489:   ./install-sh found
configure:2637: checking for a BSD-compatible install
configure:2710: result: /usr/bin/install -c
configure:2721: checking whether build environment is sane
configure:2776: result: yes
configure:2935: checking for a race-free mkdir -p
configure:2979: result: /usr/bin/mkdir -p
configure:2986: checking for gawk
configure:3007: found /usr/bin/gawk
configure:3018: result: gawk
configure:3029: checking whether make sets $(MAKE)
configure:3052: result: yes
configure:3082: checking whether make supports nested variables
configure:3100: result: yes
configure:3287: checking for gcc
configure:3308: found /mingw32/bin/gcc
configure:3319: result: gcc
configure:3672: checking for C compiler version
configure:3681: gcc --version >&5
gcc.exe (Rev2, Built by MSYS2 project) 11.2.0
Copyright (C) 2021 Free Software Foundation, Inc.
This is free software; see the source for copying conditions.  There is NO
warranty; not even for MERCHANTABILITY or FITNESS FOR A PARTICULAR PURPOSE.

configure:3692: $? = 0
configure:3681: gcc -v >&5
Using built-in specs.
COLLECT_GCC=C:\msys64\mingw32\bin\gcc.exe
COLLECT_LTO_WRAPPER=C:/msys64/mingw32/bin/../lib/gcc/i686-w64-mingw32/11.2.0/lto-wrapper.exe
Target: i686-w64-mingw32
Configured with: ../gcc-11.2.0/configure --prefix=/mingw32 --with-local-prefix=/mingw32/local --build=i686-w64-mingw32 --host=i686-w64-mingw32 --target=i686-w64-mingw32 --with-native-system-header-dir=/mingw32/i686-w64-mingw32/include --libexecdir=/mingw32/lib --enable-bootstrap --enable-checking=release --with-arch=i686 --with-tune=generic --enable-languages=c,lto,c++,fortran,ada,objc,obj-c++,jit --enable-shared --enable-static --enable-libatomic --enable-threads=posix --enable-graphite --enable-fully-dynamic-string --enable-libstdcxx-filesystem-ts --enable-libstdcxx-time --disable-libstdcxx-pch --disable-libstdcxx-debug --enable-lto --enable-libgomp --disable-multilib --disable-rpath --disable-win32-registry --disable-nls --disable-werror --disable-symvers --with-libiconv --with-system-zlib --with-gmp=/mingw32 --with-mpfr=/mingw32 --with-mpc=/mingw32 --with-isl=/mingw32 --with-pkgversion='Rev2, Built by MSYS2 project' --with-bugurl=https://github.com/msys2/MINGW-packages/issues --with-gnu-as --with-gnu-ld --with-boot-ldflags='-pipe -Wl,--dynamicbase,--nxcompat,--no-seh -Wl,--large-address-aware -Wl,--disable-dynamicbase -static-libstdc++ -static-libgcc' 'LDFLAGS_FOR_TARGET=-pipe -Wl,--dynamicbase,--nxcompat,--no-seh -Wl,--large-address-aware' --enable-linker-plugin-flags='LDFLAGS=-static-libstdc++\ -static-libgcc\ -pipe\ -Wl,--dynamicbase,--nxcompat,--no-seh\ -Wl,--large-address-aware\ -Wl,--stack,12582912' --disable-sjlj-exceptions --with-dwarf2
Thread model: posix
Supported LTO compression algorithms: zlib zstd
gcc version 11.2.0 (Rev2, Built by MSYS2 project) 
configure:3692: $? = 0
configure:3681: gcc -V >&5
gcc.exe: error: unrecognized command-line option '-V'
gcc.exe: fatal error: no input files
compilation terminated.
configure:3692: $? = 1
configure:3681: gcc -qversion >&5
gcc.exe: error: unrecognized command-line option '-qversion'; did you mean '--version'?
gcc.exe: fatal error: no input files
compilation terminated.
configure:3692: $? = 1
configure:3681: gcc -version >&5
gcc.exe: error: unrecognized command-line option '-version'
gcc.exe: fatal error: no input files
compilation terminated.
configure:3692: $? = 1
configure:3712: checking whether the C compiler works
configure:3734: gcc    conftest.c  >&5
configure:3738: $? = 0
configure:3788: result: yes
configure:3791: checking for C compiler default output file name
configure:3793: result: a.exe
configure:3799: checking for suffix of executables
configure:3806: gcc -o conftest.exe    conftest.c  >&5
configure:3810: $? = 0
configure:3833: result: .exe
configure:3855: checking whether we are cross compiling
configure:3863: gcc -o conftest.exe    conftest.c  >&5
configure:3867: $? = 0
configure:3874: ./conftest.exe
configure:3878: $? = 0
configure:3893: result: no
configure:3898: checking for suffix of object files
configure:3921: gcc -c   conftest.c >&5
configure:3925: $? = 0
configure:3947: result: o
configure:3951: checking whether the compiler supports GNU C
configure:3971: gcc -c   conftest.c >&5
configure:3971: $? = 0
configure:3981: result: yes
configure:3992: checking whether gcc accepts -g
configure:4013: gcc -c -g  conftest.c >&5
configure:4013: $? = 0
configure:4057: result: yes
configure:4077: checking for gcc option to enable C11 features
configure:4092: gcc  -c -g -O2  conftest.c >&5
configure:4092: $? = 0
configure:4110: result: none needed
configure:4226: checking whether gcc understands -c and -o together
configure:4249: gcc -c conftest.c -o conftest2.o
configure:4252: $? = 0
configure:4249: gcc -c conftest.c -o conftest2.o
configure:4252: $? = 0
configure:4264: result: yes
configure:4284: checking whether make supports the include directive
configure:4299: make -f confmf.GNU && cat confinc.out
this is the am__doit target
configure:4302: $? = 0
configure:4321: result: yes (GNU style)
configure:4347: checking dependency style of gcc
configure:4459: result: gcc3
configure:4476: WARNING: Libtool does not cope well with whitespace in `pwd`
configure:4506: checking build system type
configure:4521: result: i686-w64-mingw32
configure:4541: checking host system type
configure:4555: result: i686-w64-mingw32
configure:4596: checking how to print strings
configure:4623: result: printf
configure:4644: checking for a sed that does not truncate output
configure:4714: result: /usr/bin/sed
configure:4732: checking for grep that handles long lines and -e
configure:4796: result: /usr/bin/grep
configure:4801: checking for egrep
configure:4869: result: /usr/bin/grep -E
configure:4874: checking for fgrep
configure:4942: result: /usr/bin/grep -F
configure:4978: checking for ld used by gcc
configure:5046: result: C:/msys64/mingw32/i686-w64-mingw32/bin/ld.exe
configure:5053: checking if the linker (C:/msys64/mingw32/i686-w64-mingw32/bin/ld.exe) is GNU ld
configure:5069: result: yes
configure:5081: checking for BSD- or MS-compatible name lister (nm)
configure:5136: result: /mingw32/bin/nm -B
configure:5276: checking the name lister (/mingw32/bin/nm -B) interface
configure:5284: gcc -c -g -O2  conftest.c >&5
configure:5287: /mingw32/bin/nm -B "conftest.o"
configure:5290: output
00000000 b .bss
00000000 d .data
00000000 N .debug_abbrev
00000000 N .debug_aranges
00000000 N .debug_info
00000000 N .debug_line
00000000 N .debug_line_str
00000000 r .rdata$zzz
00000000 t .text
00000000 B _some_variable
configure:5297: result: BSD nm
configure:5300: checking whether ln -s works
configure:5307: result: no, using cp -pR
configure:5312: checking the maximum length of command line arguments
configure:5444: result: 8192
configure:5492: checking how to convert i686-w64-mingw32 file names to i686-w64-mingw32 format
configure:5533: result: func_convert_file_msys_to_w32
configure:5540: checking how to convert i686-w64-mingw32 file names to toolchain format
configure:5561: result: func_convert_file_msys_to_w32
configure:5568: checking for C:/msys64/mingw32/i686-w64-mingw32/bin/ld.exe option to reload object files
configure:5576: result: -r
configure:5655: checking for objdump
configure:5676: found /mingw32/bin/objdump
configure:5687: result: objdump
configure:5719: checking how to recognize dependent libraries
configure:5920: result: file_magic ^x86 archive import|^x86 DLL
configure:6010: checking for dlltool
configure:6031: found /mingw32/bin/dlltool
configure:6042: result: dlltool
configure:6075: checking how to associate runtime and link libraries
configure:6103: result: func_cygming_dll_for_implib
configure:6169: checking for ar
configure:6190: found /mingw32/bin/ar
configure:6201: result: ar
configure:6238: checking for archiver @FILE support
configure:6256: gcc -c -g -O2  conftest.c >&5
configure:6256: $? = 0
configure:6260: ar cru libconftest.a @conftest.lst >&5
C:\msys64\mingw32\bin\ar.exe: `u' modifier ignored since `D' is the default (see `U')
configure:6263: $? = 0
configure:6268: ar cru libconftest.a @conftest.lst >&5
C:\msys64\mingw32\bin\ar.exe: `u' modifier ignored since `D' is the default (see `U')
C:\msys64\mingw32\bin\ar.exe: conftest.o: No such file or directory
configure:6271: $? = 1
configure:6283: result: @
configure:6346: checking for strip
configure:6367: found /mingw32/bin/strip
configure:6378: result: strip
configure:6455: checking for ranlib
configure:6476: found /mingw32/bin/ranlib
configure:6487: result: ranlib
configure:6589: checking command to parse /mingw32/bin/nm -B output from gcc object
configure:6743: gcc -c -g -O2  conftest.c >&5
configure:6746: $? = 0
configure:6750: /mingw32/bin/nm -B conftest.o \| sed -n -e 's/^.*[ ]\([ABCDGIRSTW][ABCDGIRSTW]*\)[ ][ ]*\([_A-Za-z][_A-Za-z0-9]*\)\{0,1\}$/\1 \2 \2/p' | sed '/ __gnu_lto/d' \> conftest.nm
configure:6753: $? = 0
cannot find nm_test_var in conftest.nm
configure:6743: gcc -c -g -O2  conftest.c >&5
configure:6746: $? = 0
configure:6750: /mingw32/bin/nm -B conftest.o \| sed -n -e 's/^.*[ ]\([ABCDGIRSTW][ABCDGIRSTW]*\)[ ][ ]*_\([_A-Za-z][_A-Za-z0-9]*\)\{0,1\}$/\1 _\2 \2/p' | sed '/ __gnu_lto/d' \> conftest.nm
configure:6753: $? = 0
configure:6819: gcc -o conftest.exe -g -O2   conftest.c conftstm.o >&5
configure:6822: $? = 0
configure:6860: result: ok
configure:6907: checking for sysroot
configure:6938: result: no
configure:6945: checking for a working dd
configure:6989: result: /usr/bin/dd
configure:6993: checking how to truncate binary pipes
configure:7009: result: /usr/bin/dd bs=4096 count=1
configure:7346: checking for mt
configure:7381: result: no
configure:7401: checking if : is a manifest tool
configure:7408: : '-?'
configure:7416: result: no
configure:8146: checking for stdio.h
configure:8146: gcc -c -g -O2  conftest.c >&5
configure:8146: $? = 0
configure:8146: result: yes
configure:8146: checking for stdlib.h
configure:8146: gcc -c -g -O2  conftest.c >&5
configure:8146: $? = 0
configure:8146: result: yes
configure:8146: checking for string.h
configure:8146: gcc -c -g -O2  conftest.c >&5
configure:8146: $? = 0
configure:8146: result: yes
configure:8146: checking for inttypes.h
configure:8146: gcc -c -g -O2  conftest.c >&5
configure:8146: $? = 0
configure:8146: result: yes
configure:8146: checking for stdint.h
configure:8146: gcc -c -g -O2  conftest.c >&5
configure:8146: $? = 0
configure:8146: result: yes
configure:8146: checking for strings.h
configure:8146: gcc -c -g -O2  conftest.c >&5
configure:8146: $? = 0
configure:8146: result: yes
configure:8146: checking for sys/stat.h
configure:8146: gcc -c -g -O2  conftest.c >&5
configure:8146: $? = 0
configure:8146: result: yes
configure:8146: checking for sys/types.h
configure:8146: gcc -c -g -O2  conftest.c >&5
configure:8146: $? = 0
configure:8146: result: yes
configure:8146: checking for unistd.h
configure:8146: gcc -c -g -O2  conftest.c >&5
configure:8146: $? = 0
configure:8146: result: yes
configure:8171: checking for dlfcn.h
configure:8171: gcc -c -g -O2  conftest.c >&5
conftest.c:50:10: fatal error: dlfcn.h: No such file or directory
   50 | #include <dlfcn.h>
      |          ^~~~~~~~~
compilation terminated.
configure:8171: $? = 1
configure: failed program was:
| /* confdefs.h */
| #define PACKAGE_NAME "libenet"
| #define PACKAGE_TARNAME "libenet"
| #define PACKAGE_VERSION "1.3.17"
| #define PACKAGE_STRING "libenet 1.3.17"
| #define PACKAGE_BUGREPORT ""
| #define PACKAGE_URL ""
| #define PACKAGE "libenet"
| #define VERSION "1.3.17"
| #define HAVE_STDIO_H 1
| #define HAVE_STDLIB_H 1
| #define HAVE_STRING_H 1
| #define HAVE_INTTYPES_H 1
| #define HAVE_STDINT_H 1
| #define HAVE_STRINGS_H 1
| #define HAVE_SYS_STAT_H 1
| #define HAVE_SYS_TYPES_H 1
| #define HAVE_UNISTD_H 1
| #define STDC_HEADERS 1
| /* end confdefs.h.  */
| #include <stddef.h>
| #ifdef HAVE_STDIO_H
| # include <stdio.h>
| #endif
| #ifdef HAVE_STDLIB_H
| # include <stdlib.h>
| #endif
| #ifdef HAVE_STRING_H
| # include <string.h>
| #endif
| #ifdef HAVE_INTTYPES_H
| # include <inttypes.h>
| #endif
| #ifdef HAVE_STDINT_H
| # include <stdint.h>
| #endif
| #ifdef HAVE_STRINGS_H
| # include <strings.h>
| #endif
| #ifdef HAVE_SYS_TYPES_H
| # include <sys/types.h>
| #endif
| #ifdef HAVE_SYS_STAT_H
| # include <sys/stat.h>
| #endif
| #ifdef HAVE_UNISTD_H
| # include <unistd.h>
| #endif
| 
| #include <dlfcn.h>
configure:8171: result: no
configure:8430: checking for objdir
configure:8446: result: .libs
configure:8710: checking if gcc supports -fno-rtti -fno-exceptions
configure:8729: gcc -c -g -O2  -fno-rtti -fno-exceptions conftest.c >&5
cc1.exe: warning: command-line option '-fno-rtti' is valid for C++/D/ObjC++ but not for C
configure:8733: $? = 0
configure:8746: result: no
configure:9104: checking for gcc option to produce PIC
configure:9112: result: -DDLL_EXPORT -DPIC
configure:9120: checking if gcc PIC flag -DDLL_EXPORT -DPIC works
configure:9139: gcc -c -g -O2  -DDLL_EXPORT -DPIC -DPIC conftest.c >&5
configure:9143: $? = 0
configure:9156: result: yes
configure:9185: checking if gcc static flag -static works
configure:9214: result: yes
configure:9229: checking if gcc supports -c -o file.o
configure:9251: gcc -c -g -O2  -o out/conftest2.o conftest.c >&5
configure:9255: $? = 0
configure:9277: result: yes
configure:9285: checking if gcc supports -c -o file.o
configure:9333: result: yes
configure:9366: checking whether the gcc linker (C:/msys64/mingw32/i686-w64-mingw32/bin/ld.exe) supports shared libraries
configure:10633: result: yes
configure:10670: checking whether -lc should be explicitly linked in
configure:10679: gcc -c -g -O2  conftest.c >&5
configure:10682: $? = 0
configure:10697: gcc -shared conftest.o  -v -o ./conftest -Wl,--enable-auto-image-base -Xlinker --out-implib -Xlinker conftest 2\>\&1 \| /usr/bin/grep  -lc  \>/dev/null 2\>\&1
configure:10700: $? = 1
configure:10714: result: yes
configure:10874: checking dynamic linker characteristics
configure:11701: result: Win32 ld.exe
configure:11823: checking how to hardcode library paths into programs
configure:11848: result: immediate
configure:12400: checking whether stripping libraries is possible
configure:12405: result: yes
configure:12440: checking if libtool supports shared libraries
configure:12442: result: yes
configure:12445: checking whether to build shared libraries
configure:12470: result: yes
configure:12473: checking whether to build static libraries
configure:12477: result: yes
configure:12515: checking for getaddrinfo
configure:12515: gcc -o conftest.exe -g -O2   conftest.c  >&5
C:/msys64/mingw32/bin/../lib/gcc/i686-w64-mingw32/11.2.0/../../../../i686-w64-mingw32/bin/ld.exe: C:\msys64\tmp\ccA2TGvc.o: in function `main':
D:\______BACKUP\NoitaMP_repo\NoitaMP\dll building\enet-1.3.17/conftest.c:49: undefined reference to `getaddrinfo'
collect2.exe: error: ld returned 1 exit status
configure:12515: $? = 1
configure: failed program was:
| /* confdefs.h */
| #define PACKAGE_NAME "libenet"
| #define PACKAGE_TARNAME "libenet"
| #define PACKAGE_VERSION "1.3.17"
| #define PACKAGE_STRING "libenet 1.3.17"
| #define PACKAGE_BUGREPORT ""
| #define PACKAGE_URL ""
| #define PACKAGE "libenet"
| #define VERSION "1.3.17"
| #define HAVE_STDIO_H 1
| #define HAVE_STDLIB_H 1
| #define HAVE_STRING_H 1
| #define HAVE_INTTYPES_H 1
| #define HAVE_STDINT_H 1
| #define HAVE_STRINGS_H 1
| #define HAVE_SYS_STAT_H 1
| #define HAVE_SYS_TYPES_H 1
| #define HAVE_UNISTD_H 1
| #define STDC_HEADERS 1
| #define LT_OBJDIR ".libs/"
| /* end confdefs.h.  */
| /* Define getaddrinfo to an innocuous variant, in case <limits.h> declares getaddrinfo.
|    For example, HP-UX 11i <limits.h> declares gettimeofday.  */
| #define getaddrinfo innocuous_getaddrinfo
| 
| /* System header to define __stub macros and hopefully few prototypes,
|    which can conflict with char getaddrinfo (); below.  */
| 
| #include <limits.h>
| #undef getaddrinfo
| 
| /* Override any GCC internal prototype to avoid an error.
|    Use char because int might match the return type of a GCC
|    builtin and then its argument prototype would still apply.  */
| #ifdef __cplusplus
| extern "C"
| #endif
| char getaddrinfo ();
| /* The GNU C library defines this for functions which it implements
|     to always fail with ENOSYS.  Some functions are actually named
|     something starting with __ and the normal name is an alias.  */
| #if defined __stub_getaddrinfo || defined __stub___getaddrinfo
| choke me
| #endif
| 
| int
| main (void)
| {
| return getaddrinfo ();
|   ;
|   return 0;
| }
configure:12515: result: no
configure:12522: checking for getnameinfo
configure:12522: gcc -o conftest.exe -g -O2   conftest.c  >&5
C:/msys64/mingw32/bin/../lib/gcc/i686-w64-mingw32/11.2.0/../../../../i686-w64-mingw32/bin/ld.exe: C:\msys64\tmp\ccUkOdhP.o: in function `main':
D:\______BACKUP\NoitaMP_repo\NoitaMP\dll building\enet-1.3.17/conftest.c:49: undefined reference to `getnameinfo'
collect2.exe: error: ld returned 1 exit status
configure:12522: $? = 1
configure: failed program was:
| /* confdefs.h */
| #define PACKAGE_NAME "libenet"
| #define PACKAGE_TARNAME "libenet"
| #define PACKAGE_VERSION "1.3.17"
| #define PACKAGE_STRING "libenet 1.3.17"
| #define PACKAGE_BUGREPORT ""
| #define PACKAGE_URL ""
| #define PACKAGE "libenet"
| #define VERSION "1.3.17"
| #define HAVE_STDIO_H 1
| #define HAVE_STDLIB_H 1
| #define HAVE_STRING_H 1
| #define HAVE_INTTYPES_H 1
| #define HAVE_STDINT_H 1
| #define HAVE_STRINGS_H 1
| #define HAVE_SYS_STAT_H 1
| #define HAVE_SYS_TYPES_H 1
| #define HAVE_UNISTD_H 1
| #define STDC_HEADERS 1
| #define LT_OBJDIR ".libs/"
| /* end confdefs.h.  */
| /* Define getnameinfo to an innocuous variant, in case <limits.h> declares getnameinfo.
|    For example, HP-UX 11i <limits.h> declares gettimeofday.  */
| #define getnameinfo innocuous_getnameinfo
| 
| /* System header to define __stub macros and hopefully few prototypes,
|    which can conflict with char getnameinfo (); below.  */
| 
| #include <limits.h>
| #undef getnameinfo
| 
| /* Override any GCC internal prototype to avoid an error.
|    Use char because int might match the return type of a GCC
|    builtin and then its argument prototype would still apply.  */
| #ifdef __cplusplus
| extern "C"
| #endif
| char getnameinfo ();
| /* The GNU C library defines this for functions which it implements
|     to always fail with ENOSYS.  Some functions are actually named
|     something starting with __ and the normal name is an alias.  */
| #if defined __stub_getnameinfo || defined __stub___getnameinfo
| choke me
| #endif
| 
| int
| main (void)
| {
| return getnameinfo ();
|   ;
|   return 0;
| }
configure:12522: result: no
configure:12529: checking for gethostbyaddr_r
configure:12529: gcc -o conftest.exe -g -O2   conftest.c  >&5
C:/msys64/mingw32/bin/../lib/gcc/i686-w64-mingw32/11.2.0/../../../../i686-w64-mingw32/bin/ld.exe: C:\msys64\tmp\ccWte9pq.o: in function `main':
D:\______BACKUP\NoitaMP_repo\NoitaMP\dll building\enet-1.3.17/conftest.c:49: undefined reference to `gethostbyaddr_r'
collect2.exe: error: ld returned 1 exit status
configure:12529: $? = 1
configure: failed program was:
| /* confdefs.h */
| #define PACKAGE_NAME "libenet"
| #define PACKAGE_TARNAME "libenet"
| #define PACKAGE_VERSION "1.3.17"
| #define PACKAGE_STRING "libenet 1.3.17"
| #define PACKAGE_BUGREPORT ""
| #define PACKAGE_URL ""
| #define PACKAGE "libenet"
| #define VERSION "1.3.17"
| #define HAVE_STDIO_H 1
| #define HAVE_STDLIB_H 1
| #define HAVE_STRING_H 1
| #define HAVE_INTTYPES_H 1
| #define HAVE_STDINT_H 1
| #define HAVE_STRINGS_H 1
| #define HAVE_SYS_STAT_H 1
| #define HAVE_SYS_TYPES_H 1
| #define HAVE_UNISTD_H 1
| #define STDC_HEADERS 1
| #define LT_OBJDIR ".libs/"
| /* end confdefs.h.  */
| /* Define gethostbyaddr_r to an innocuous variant, in case <limits.h> declares gethostbyaddr_r.
|    For example, HP-UX 11i <limits.h> declares gettimeofday.  */
| #define gethostbyaddr_r innocuous_gethostbyaddr_r
| 
| /* System header to define __stub macros and hopefully few prototypes,
|    which can conflict with char gethostbyaddr_r (); below.  */
| 
| #include <limits.h>
| #undef gethostbyaddr_r
| 
| /* Override any GCC internal prototype to avoid an error.
|    Use char because int might match the return type of a GCC
|    builtin and then its argument prototype would still apply.  */
| #ifdef __cplusplus
| extern "C"
| #endif
| char gethostbyaddr_r ();
| /* The GNU C library defines this for functions which it implements
|     to always fail with ENOSYS.  Some functions are actually named
|     something starting with __ and the normal name is an alias.  */
| #if defined __stub_gethostbyaddr_r || defined __stub___gethostbyaddr_r
| choke me
| #endif
| 
| int
| main (void)
| {
| return gethostbyaddr_r ();
|   ;
|   return 0;
| }
configure:12529: result: no
configure:12536: checking for gethostbyname_r
configure:12536: gcc -o conftest.exe -g -O2   conftest.c  >&5
C:/msys64/mingw32/bin/../lib/gcc/i686-w64-mingw32/11.2.0/../../../../i686-w64-mingw32/bin/ld.exe: C:\msys64\tmp\ccslEJGI.o: in function `main':
D:\______BACKUP\NoitaMP_repo\NoitaMP\dll building\enet-1.3.17/conftest.c:49: undefined reference to `gethostbyname_r'
collect2.exe: error: ld returned 1 exit status
configure:12536: $? = 1
configure: failed program was:
| /* confdefs.h */
| #define PACKAGE_NAME "libenet"
| #define PACKAGE_TARNAME "libenet"
| #define PACKAGE_VERSION "1.3.17"
| #define PACKAGE_STRING "libenet 1.3.17"
| #define PACKAGE_BUGREPORT ""
| #define PACKAGE_URL ""
| #define PACKAGE "libenet"
| #define VERSION "1.3.17"
| #define HAVE_STDIO_H 1
| #define HAVE_STDLIB_H 1
| #define HAVE_STRING_H 1
| #define HAVE_INTTYPES_H 1
| #define HAVE_STDINT_H 1
| #define HAVE_STRINGS_H 1
| #define HAVE_SYS_STAT_H 1
| #define HAVE_SYS_TYPES_H 1
| #define HAVE_UNISTD_H 1
| #define STDC_HEADERS 1
| #define LT_OBJDIR ".libs/"
| /* end confdefs.h.  */
| /* Define gethostbyname_r to an innocuous variant, in case <limits.h> declares gethostbyname_r.
|    For example, HP-UX 11i <limits.h> declares gettimeofday.  */
| #define gethostbyname_r innocuous_gethostbyname_r
| 
| /* System header to define __stub macros and hopefully few prototypes,
|    which can conflict with char gethostbyname_r (); below.  */
| 
| #include <limits.h>
| #undef gethostbyname_r
| 
| /* Override any GCC internal prototype to avoid an error.
|    Use char because int might match the return type of a GCC
|    builtin and then its argument prototype would still apply.  */
| #ifdef __cplusplus
| extern "C"
| #endif
| char gethostbyname_r ();
| /* The GNU C library defines this for functions which it implements
|     to always fail with ENOSYS.  Some functions are actually named
|     something starting with __ and the normal name is an alias.  */
| #if defined __stub_gethostbyname_r || defined __stub___gethostbyname_r
| choke me
| #endif
| 
| int
| main (void)
| {
| return gethostbyname_r ();
|   ;
|   return 0;
| }
configure:12536: result: no
configure:12543: checking for poll
configure:12543: gcc -o conftest.exe -g -O2   conftest.c  >&5
C:/msys64/mingw32/bin/../lib/gcc/i686-w64-mingw32/11.2.0/../../../../i686-w64-mingw32/bin/ld.exe: C:\msys64\tmp\ccAfZIEk.o: in function `main':
D:\______BACKUP\NoitaMP_repo\NoitaMP\dll building\enet-1.3.17/conftest.c:49: undefined reference to `poll'
collect2.exe: error: ld returned 1 exit status
configure:12543: $? = 1
configure: failed program was:
| /* confdefs.h */
| #define PACKAGE_NAME "libenet"
| #define PACKAGE_TARNAME "libenet"
| #define PACKAGE_VERSION "1.3.17"
| #define PACKAGE_STRING "libenet 1.3.17"
| #define PACKAGE_BUGREPORT ""
| #define PACKAGE_URL ""
| #define PACKAGE "libenet"
| #define VERSION "1.3.17"
| #define HAVE_STDIO_H 1
| #define HAVE_STDLIB_H 1
| #define HAVE_STRING_H 1
| #define HAVE_INTTYPES_H 1
| #define HAVE_STDINT_H 1
| #define HAVE_STRINGS_H 1
| #define HAVE_SYS_STAT_H 1
| #define HAVE_SYS_TYPES_H 1
| #define HAVE_UNISTD_H 1
| #define STDC_HEADERS 1
| #define LT_OBJDIR ".libs/"
| /* end confdefs.h.  */
| /* Define poll to an innocuous variant, in case <limits.h> declares poll.
|    For example, HP-UX 11i <limits.h> declares gettimeofday.  */
| #define poll innocuous_poll
| 
| /* System header to define __stub macros and hopefully few prototypes,
|    which can conflict with char poll (); below.  */
| 
| #include <limits.h>
| #undef poll
| 
| /* Override any GCC internal prototype to avoid an error.
|    Use char because int might match the return type of a GCC
|    builtin and then its argument prototype would still apply.  */
| #ifdef __cplusplus
| extern "C"
| #endif
| char poll ();
| /* The GNU C library defines this for functions which it implements
|     to always fail with ENOSYS.  Some functions are actually named
|     something starting with __ and the normal name is an alias.  */
| #if defined __stub_poll || defined __stub___poll
| choke me
| #endif
| 
| int
| main (void)
| {
| return poll ();
|   ;
|   return 0;
| }
configure:12543: result: no
configure:12550: checking for fcntl
configure:12550: gcc -o conftest.exe -g -O2   conftest.c  >&5
C:/msys64/mingw32/bin/../lib/gcc/i686-w64-mingw32/11.2.0/../../../../i686-w64-mingw32/bin/ld.exe: C:\msys64\tmp\cc25uR8S.o: in function `main':
D:\______BACKUP\NoitaMP_repo\NoitaMP\dll building\enet-1.3.17/conftest.c:49: undefined reference to `fcntl'
collect2.exe: error: ld returned 1 exit status
configure:12550: $? = 1
configure: failed program was:
| /* confdefs.h */
| #define PACKAGE_NAME "libenet"
| #define PACKAGE_TARNAME "libenet"
| #define PACKAGE_VERSION "1.3.17"
| #define PACKAGE_STRING "libenet 1.3.17"
| #define PACKAGE_BUGREPORT ""
| #define PACKAGE_URL ""
| #define PACKAGE "libenet"
| #define VERSION "1.3.17"
| #define HAVE_STDIO_H 1
| #define HAVE_STDLIB_H 1
| #define HAVE_STRING_H 1
| #define HAVE_INTTYPES_H 1
| #define HAVE_STDINT_H 1
| #define HAVE_STRINGS_H 1
| #define HAVE_SYS_STAT_H 1
| #define HAVE_SYS_TYPES_H 1
| #define HAVE_UNISTD_H 1
| #define STDC_HEADERS 1
| #define LT_OBJDIR ".libs/"
| /* end confdefs.h.  */
| /* Define fcntl to an innocuous variant, in case <limits.h> declares fcntl.
|    For example, HP-UX 11i <limits.h> declares gettimeofday.  */
| #define fcntl innocuous_fcntl
| 
| /* System header to define __stub macros and hopefully few prototypes,
|    which can conflict with char fcntl (); below.  */
| 
| #include <limits.h>
| #undef fcntl
| 
| /* Override any GCC internal prototype to avoid an error.
|    Use char because int might match the return type of a GCC
|    builtin and then its argument prototype would still apply.  */
| #ifdef __cplusplus
| extern "C"
| #endif
| char fcntl ();
| /* The GNU C library defines this for functions which it implements
|     to always fail with ENOSYS.  Some functions are actually named
|     something starting with __ and the normal name is an alias.  */
| #if defined __stub_fcntl || defined __stub___fcntl
| choke me
| #endif
| 
| int
| main (void)
| {
| return fcntl ();
|   ;
|   return 0;
| }
configure:12550: result: no
configure:12557: checking for inet_pton
configure:12557: gcc -o conftest.exe -g -O2   conftest.c  >&5
C:/msys64/mingw32/bin/../lib/gcc/i686-w64-mingw32/11.2.0/../../../../i686-w64-mingw32/bin/ld.exe: C:\msys64\tmp\ccMElQWc.o: in function `main':
D:\______BACKUP\NoitaMP_repo\NoitaMP\dll building\enet-1.3.17/conftest.c:49: undefined reference to `inet_pton'
collect2.exe: error: ld returned 1 exit status
configure:12557: $? = 1
configure: failed program was:
| /* confdefs.h */
| #define PACKAGE_NAME "libenet"
| #define PACKAGE_TARNAME "libenet"
| #define PACKAGE_VERSION "1.3.17"
| #define PACKAGE_STRING "libenet 1.3.17"
| #define PACKAGE_BUGREPORT ""
| #define PACKAGE_URL ""
| #define PACKAGE "libenet"
| #define VERSION "1.3.17"
| #define HAVE_STDIO_H 1
| #define HAVE_STDLIB_H 1
| #define HAVE_STRING_H 1
| #define HAVE_INTTYPES_H 1
| #define HAVE_STDINT_H 1
| #define HAVE_STRINGS_H 1
| #define HAVE_SYS_STAT_H 1
| #define HAVE_SYS_TYPES_H 1
| #define HAVE_UNISTD_H 1
| #define STDC_HEADERS 1
| #define LT_OBJDIR ".libs/"
| /* end confdefs.h.  */
| /* Define inet_pton to an innocuous variant, in case <limits.h> declares inet_pton.
|    For example, HP-UX 11i <limits.h> declares gettimeofday.  */
| #define inet_pton innocuous_inet_pton
| 
| /* System header to define __stub macros and hopefully few prototypes,
|    which can conflict with char inet_pton (); below.  */
| 
| #include <limits.h>
| #undef inet_pton
| 
| /* Override any GCC internal prototype to avoid an error.
|    Use char because int might match the return type of a GCC
|    builtin and then its argument prototype would still apply.  */
| #ifdef __cplusplus
| extern "C"
| #endif
| char inet_pton ();
| /* The GNU C library defines this for functions which it implements
|     to always fail with ENOSYS.  Some functions are actually named
|     something starting with __ and the normal name is an alias.  */
| #if defined __stub_inet_pton || defined __stub___inet_pton
| choke me
| #endif
| 
| int
| main (void)
| {
| return inet_pton ();
|   ;
|   return 0;
| }
configure:12557: result: no
configure:12564: checking for inet_ntop
configure:12564: gcc -o conftest.exe -g -O2   conftest.c  >&5
C:/msys64/mingw32/bin/../lib/gcc/i686-w64-mingw32/11.2.0/../../../../i686-w64-mingw32/bin/ld.exe: C:\msys64\tmp\cc2COSiO.o: in function `main':
D:\______BACKUP\NoitaMP_repo\NoitaMP\dll building\enet-1.3.17/conftest.c:49: undefined reference to `inet_ntop'
collect2.exe: error: ld returned 1 exit status
configure:12564: $? = 1
configure: failed program was:
| /* confdefs.h */
| #define PACKAGE_NAME "libenet"
| #define PACKAGE_TARNAME "libenet"
| #define PACKAGE_VERSION "1.3.17"
| #define PACKAGE_STRING "libenet 1.3.17"
| #define PACKAGE_BUGREPORT ""
| #define PACKAGE_URL ""
| #define PACKAGE "libenet"
| #define VERSION "1.3.17"
| #define HAVE_STDIO_H 1
| #define HAVE_STDLIB_H 1
| #define HAVE_STRING_H 1
| #define HAVE_INTTYPES_H 1
| #define HAVE_STDINT_H 1
| #define HAVE_STRINGS_H 1
| #define HAVE_SYS_STAT_H 1
| #define HAVE_SYS_TYPES_H 1
| #define HAVE_UNISTD_H 1
| #define STDC_HEADERS 1
| #define LT_OBJDIR ".libs/"
| /* end confdefs.h.  */
| /* Define inet_ntop to an innocuous variant, in case <limits.h> declares inet_ntop.
|    For example, HP-UX 11i <limits.h> declares gettimeofday.  */
| #define inet_ntop innocuous_inet_ntop
| 
| /* System header to define __stub macros and hopefully few prototypes,
|    which can conflict with char inet_ntop (); below.  */
| 
| #include <limits.h>
| #undef inet_ntop
| 
| /* Override any GCC internal prototype to avoid an error.
|    Use char because int might match the return type of a GCC
|    builtin and then its argument prototype would still apply.  */
| #ifdef __cplusplus
| extern "C"
| #endif
| char inet_ntop ();
| /* The GNU C library defines this for functions which it implements
|     to always fail with ENOSYS.  Some functions are actually named
|     something starting with __ and the normal name is an alias.  */
| #if defined __stub_inet_ntop || defined __stub___inet_ntop
| choke me
| #endif
| 
| int
| main (void)
| {
| return inet_ntop ();
|   ;
|   return 0;
| }
configure:12564: result: no
configure:12572: checking for struct msghdr.msg_flags
configure:12572: gcc -c -g -O2  conftest.c >&5
conftest.c:22:10: fatal error: sys/socket.h: No such file or directory
   22 | #include <sys/socket.h>
      |          ^~~~~~~~~~~~~~
compilation terminated.
configure:12572: $? = 1
configure: failed program was:
| /* confdefs.h */
| #define PACKAGE_NAME "libenet"
| #define PACKAGE_TARNAME "libenet"
| #define PACKAGE_VERSION "1.3.17"
| #define PACKAGE_STRING "libenet 1.3.17"
| #define PACKAGE_BUGREPORT ""
| #define PACKAGE_URL ""
| #define PACKAGE "libenet"
| #define VERSION "1.3.17"
| #define HAVE_STDIO_H 1
| #define HAVE_STDLIB_H 1
| #define HAVE_STRING_H 1
| #define HAVE_INTTYPES_H 1
| #define HAVE_STDINT_H 1
| #define HAVE_STRINGS_H 1
| #define HAVE_SYS_STAT_H 1
| #define HAVE_SYS_TYPES_H 1
| #define HAVE_UNISTD_H 1
| #define STDC_HEADERS 1
| #define LT_OBJDIR ".libs/"
| /* end confdefs.h.  */
| #include <sys/socket.h>
| 
| int
| main (void)
| {
| static struct msghdr ac_aggr;
| if (ac_aggr.msg_flags)
| return 0;
|   ;
|   return 0;
| }
configure:12572: gcc -c -g -O2  conftest.c >&5
conftest.c:22:10: fatal error: sys/socket.h: No such file or directory
   22 | #include <sys/socket.h>
      |          ^~~~~~~~~~~~~~
compilation terminated.
configure:12572: $? = 1
configure: failed program was:
| /* confdefs.h */
| #define PACKAGE_NAME "libenet"
| #define PACKAGE_TARNAME "libenet"
| #define PACKAGE_VERSION "1.3.17"
| #define PACKAGE_STRING "libenet 1.3.17"
| #define PACKAGE_BUGREPORT ""
| #define PACKAGE_URL ""
| #define PACKAGE "libenet"
| #define VERSION "1.3.17"
| #define HAVE_STDIO_H 1
| #define HAVE_STDLIB_H 1
| #define HAVE_STRING_H 1
| #define HAVE_INTTYPES_H 1
| #define HAVE_STDINT_H 1
| #define HAVE_STRINGS_H 1
| #define HAVE_SYS_STAT_H 1
| #define HAVE_SYS_TYPES_H 1
| #define HAVE_UNISTD_H 1
| #define STDC_HEADERS 1
| #define LT_OBJDIR ".libs/"
| /* end confdefs.h.  */
| #include <sys/socket.h>
| 
| int
| main (void)
| {
| static struct msghdr ac_aggr;
| if (sizeof ac_aggr.msg_flags)
| return 0;
|   ;
|   return 0;
| }
configure:12572: result: no
configure:12581: checking for socklen_t
configure:12581: gcc -c -g -O2  conftest.c >&5
conftest.c:23:24: fatal error: sys/socket.h: No such file or directory
   23 |               #include <sys/socket.h>
      |                        ^~~~~~~~~~~~~~
compilation terminated.
configure:12581: $? = 1
configure: failed program was:
| /* confdefs.h */
| #define PACKAGE_NAME "libenet"
| #define PACKAGE_TARNAME "libenet"
| #define PACKAGE_VERSION "1.3.17"
| #define PACKAGE_STRING "libenet 1.3.17"
| #define PACKAGE_BUGREPORT ""
| #define PACKAGE_URL ""
| #define PACKAGE "libenet"
| #define VERSION "1.3.17"
| #define HAVE_STDIO_H 1
| #define HAVE_STDLIB_H 1
| #define HAVE_STRING_H 1
| #define HAVE_INTTYPES_H 1
| #define HAVE_STDINT_H 1
| #define HAVE_STRINGS_H 1
| #define HAVE_SYS_STAT_H 1
| #define HAVE_SYS_TYPES_H 1
| #define HAVE_UNISTD_H 1
| #define STDC_HEADERS 1
| #define LT_OBJDIR ".libs/"
| /* end confdefs.h.  */
| #include <sys/types.h>
|               #include <sys/socket.h>
| 
| 
| int
| main (void)
| {
| if (sizeof (socklen_t))
| 	 return 0;
|   ;
|   return 0;
| }
configure:12581: result: no
configure:12731: checking that generated files are newer than configure
configure:12737: result: done
configure:12760: creating ./config.status

## ---------------------- ##
## Running config.status. ##
## ---------------------- ##

This file was extended by libenet config.status 1.3.17, which was
generated by GNU Autoconf 2.71.  Invocation command line was

  CONFIG_FILES    = 
  CONFIG_HEADERS  = 
  CONFIG_LINKS    = 
  CONFIG_COMMANDS = 
  $ ./config.status 

on Ismoh-PC

config.status:1012: creating Makefile
config.status:1012: creating libenet.pc
config.status:1184: executing depfiles commands
config.status:1261: cd .       && sed -e '/# am--include-marker/d' Makefile         | make -f - am--depfiles
config.status:1266: $? = 0
config.status:1184: executing libtool commands

## ---------------- ##
## Cache variables. ##
## ---------------- ##

ac_cv_build=i686-w64-mingw32
ac_cv_c_compiler_gnu=yes
ac_cv_env_CC_set=
ac_cv_env_CC_value=
ac_cv_env_CFLAGS_set=
ac_cv_env_CFLAGS_value=
ac_cv_env_CPPFLAGS_set=
ac_cv_env_CPPFLAGS_value=
ac_cv_env_LDFLAGS_set=
ac_cv_env_LDFLAGS_value=
ac_cv_env_LIBS_set=
ac_cv_env_LIBS_value=
ac_cv_env_LT_SYS_LIBRARY_PATH_set=
ac_cv_env_LT_SYS_LIBRARY_PATH_value=
ac_cv_env_build_alias_set=
ac_cv_env_build_alias_value=
ac_cv_env_host_alias_set=
ac_cv_env_host_alias_value=
ac_cv_env_target_alias_set=
ac_cv_env_target_alias_value=
ac_cv_exeext=.exe
ac_cv_func_fcntl=no
ac_cv_func_getaddrinfo=no
ac_cv_func_gethostbyaddr_r=no
ac_cv_func_gethostbyname_r=no
ac_cv_func_getnameinfo=no
ac_cv_func_inet_ntop=no
ac_cv_func_inet_pton=no
ac_cv_func_poll=no
ac_cv_header_dlfcn_h=no
ac_cv_header_inttypes_h=yes
ac_cv_header_stdint_h=yes
ac_cv_header_stdio_h=yes
ac_cv_header_stdlib_h=yes
ac_cv_header_string_h=yes
ac_cv_header_strings_h=yes
ac_cv_header_sys_stat_h=yes
ac_cv_header_sys_types_h=yes
ac_cv_header_unistd_h=yes
ac_cv_host=i686-w64-mingw32
ac_cv_member_struct_msghdr_msg_flags=no
ac_cv_objext=o
ac_cv_path_EGREP='/usr/bin/grep -E'
ac_cv_path_FGREP='/usr/bin/grep -F'
ac_cv_path_GREP=/usr/bin/grep
ac_cv_path_SED=/usr/bin/sed
ac_cv_path_install='/usr/bin/install -c'
ac_cv_path_lt_DD=/usr/bin/dd
ac_cv_path_mkdir=/usr/bin/mkdir
ac_cv_prog_AWK=gawk
ac_cv_prog_ac_ct_AR=ar
ac_cv_prog_ac_ct_CC=gcc
ac_cv_prog_ac_ct_DLLTOOL=dlltool
ac_cv_prog_ac_ct_OBJDUMP=objdump
ac_cv_prog_ac_ct_RANLIB=ranlib
ac_cv_prog_ac_ct_STRIP=strip
ac_cv_prog_cc_c11=
ac_cv_prog_cc_g=yes
ac_cv_prog_cc_stdc=
ac_cv_prog_make_make_set=yes
ac_cv_type_socklen_t=no
am_cv_CC_dependencies_compiler_type=gcc3
am_cv_make_support_nested_variables=yes
am_cv_prog_cc_c_o=yes
lt_cv_ar_at_file=@
lt_cv_archive_cmds_need_lc=yes
lt_cv_deplibs_check_method='file_magic ^x86 archive import|^x86 DLL'
lt_cv_file_magic_cmd=func_win32_libid
lt_cv_file_magic_test_file=
lt_cv_ld_reload_flag=-r
lt_cv_nm_interface='BSD nm'
lt_cv_objdir=.libs
lt_cv_path_LD=C:/msys64/mingw32/i686-w64-mingw32/bin/ld.exe
lt_cv_path_NM='/mingw32/bin/nm -B'
lt_cv_path_mainfest_tool=no
lt_cv_prog_compiler_c_o=yes
lt_cv_prog_compiler_pic='-DDLL_EXPORT -DPIC'
lt_cv_prog_compiler_pic_works=yes
lt_cv_prog_compiler_rtti_exceptions=no
lt_cv_prog_compiler_static_works=yes
lt_cv_prog_gnu_ld=yes
lt_cv_sharedlib_from_linklib_cmd=func_cygming_dll_for_implib
lt_cv_sys_global_symbol_pipe='sed -n -e '\''s/^.*[	 ]\([ABCDGIRSTW][ABCDGIRSTW]*\)[	 ][	 ]*_\([_A-Za-z][_A-Za-z0-9]*\)\{0,1\}$/\1 _\2 \2/p'\'' | sed '\''/ __gnu_lto/d'\'''
lt_cv_sys_global_symbol_to_c_name_address='sed -n -e '\''s/^: \(.*\) .*$/  {"\1", (void *) 0},/p'\'' -e '\''s/^[ABCDGIRSTW][ABCDGIRSTW]* .* \(.*\)$/  {"\1", (void *) \&\1},/p'\'''
lt_cv_sys_global_symbol_to_c_name_address_lib_prefix='sed -n -e '\''s/^: \(.*\) .*$/  {"\1", (void *) 0},/p'\'' -e '\''s/^[ABCDGIRSTW][ABCDGIRSTW]* .* \(lib.*\)$/  {"\1", (void *) \&\1},/p'\'' -e '\''s/^[ABCDGIRSTW][ABCDGIRSTW]* .* \(.*\)$/  {"lib\1", (void *) \&\1},/p'\'''
lt_cv_sys_global_symbol_to_cdecl='sed -n -e '\''s/^T .* \(.*\)$/extern int \1();/p'\'' -e '\''s/^[ABCDGIRSTW][ABCDGIRSTW]* .* \(.*\)$/extern char \1;/p'\'''
lt_cv_sys_global_symbol_to_import=
lt_cv_sys_max_cmd_len=8192
lt_cv_to_host_file_cmd=func_convert_file_msys_to_w32
lt_cv_to_tool_file_cmd=func_convert_file_msys_to_w32
lt_cv_truncate_bin='/usr/bin/dd bs=4096 count=1'

## ----------------- ##
## Output variables. ##
## ----------------- ##

ACLOCAL='${SHELL} '\''/d/______BACKUP/NoitaMP_repo/NoitaMP/dll building/enet-1.3.17/missing'\'' aclocal-1.16'
AMDEPBACKSLASH='\'
AMDEP_FALSE='#'
AMDEP_TRUE=''
AMTAR='$${TAR-tar}'
AM_BACKSLASH='\'
AM_DEFAULT_V='$(AM_DEFAULT_VERBOSITY)'
AM_DEFAULT_VERBOSITY='1'
AM_V='$(V)'
AR='ar'
AUTOCONF='${SHELL} '\''/d/______BACKUP/NoitaMP_repo/NoitaMP/dll building/enet-1.3.17/missing'\'' autoconf'
AUTOHEADER='${SHELL} '\''/d/______BACKUP/NoitaMP_repo/NoitaMP/dll building/enet-1.3.17/missing'\'' autoheader'
AUTOMAKE='${SHELL} '\''/d/______BACKUP/NoitaMP_repo/NoitaMP/dll building/enet-1.3.17/missing'\'' automake-1.16'
AWK='gawk'
CC='gcc'
CCDEPMODE='depmode=gcc3'
CFLAGS='-g -O2'
CPPFLAGS=''
CYGPATH_W='cygpath -w'
DEFS='-DPACKAGE_NAME=\"libenet\" -DPACKAGE_TARNAME=\"libenet\" -DPACKAGE_VERSION=\"1.3.17\" -DPACKAGE_STRING=\"libenet\ 1.3.17\" -DPACKAGE_BUGREPORT=\"\" -DPACKAGE_URL=\"\" -DPACKAGE=\"libenet\" -DVERSION=\"1.3.17\" -DHAVE_STDIO_H=1 -DHAVE_STDLIB_H=1 -DHAVE_STRING_H=1 -DHAVE_INTTYPES_H=1 -DHAVE_STDINT_H=1 -DHAVE_STRINGS_H=1 -DHAVE_SYS_STAT_H=1 -DHAVE_SYS_TYPES_H=1 -DHAVE_UNISTD_H=1 -DSTDC_HEADERS=1 -DLT_OBJDIR=\".libs/\"'
DEPDIR='.deps'
DLLTOOL='dlltool'
DSYMUTIL=''
DUMPBIN=''
ECHO_C=''
ECHO_N='-n'
ECHO_T=''
EGREP='/usr/bin/grep -E'
EXEEXT='.exe'
FGREP='/usr/bin/grep -F'
GREP='/usr/bin/grep'
INSTALL_DATA='${INSTALL} -m 644'
INSTALL_PROGRAM='${INSTALL}'
INSTALL_SCRIPT='${INSTALL}'
INSTALL_STRIP_PROGRAM='$(install_sh) -c -s'
LD='C:/msys64/mingw32/i686-w64-mingw32/bin/ld.exe'
LDFLAGS=''
LIBOBJS=''
LIBS=''
LIBTOOL='$(SHELL) $(top_builddir)/libtool'
LIPO=''
LN_S='cp -pR'
LTLIBOBJS=''
LT_SYS_LIBRARY_PATH=''
MAKEINFO='${SHELL} '\''/d/______BACKUP/NoitaMP_repo/NoitaMP/dll building/enet-1.3.17/missing'\'' makeinfo'
MANIFEST_TOOL=':'
MKDIR_P='/usr/bin/mkdir -p'
NM='/mingw32/bin/nm -B'
NMEDIT=''
OBJDUMP='objdump'
OBJEXT='o'
OTOOL64=''
OTOOL=''
PACKAGE='libenet'
PACKAGE_BUGREPORT=''
PACKAGE_NAME='libenet'
PACKAGE_STRING='libenet 1.3.17'
PACKAGE_TARNAME='libenet'
PACKAGE_URL=''
PACKAGE_VERSION='1.3.17'
PATH_SEPARATOR=':'
RANLIB='ranlib'
SED='/usr/bin/sed'
SET_MAKE=''
SHELL='/bin/sh'
STRIP='strip'
VERSION='1.3.17'
ac_ct_AR='ar'
ac_ct_CC='gcc'
ac_ct_DUMPBIN=''
am__EXEEXT_FALSE='#'
am__EXEEXT_TRUE=''
am__fastdepCC_FALSE='#'
am__fastdepCC_TRUE=''
am__include='include'
am__isrc=''
am__leading_dot='.'
am__nodep='_no'
am__quote=''
am__tar='$${TAR-tar} chof - "$$tardir"'
am__untar='$${TAR-tar} xf -'
bindir='${exec_prefix}/bin'
build='i686-w64-mingw32'
build_alias='i686-w64-mingw32'
build_cpu='i686'
build_os='mingw32'
build_vendor='w64'
datadir='${datarootdir}'
datarootdir='${prefix}/share'
docdir='${datarootdir}/doc/${PACKAGE_TARNAME}'
dvidir='${docdir}'
exec_prefix='${prefix}'
host='i686-w64-mingw32'
host_alias=''
host_cpu='i686'
host_os='mingw32'
host_vendor='w64'
htmldir='${docdir}'
includedir='${prefix}/include'
infodir='${datarootdir}/info'
install_sh='${SHELL} '\''/d/______BACKUP/NoitaMP_repo/NoitaMP/dll building/enet-1.3.17/install-sh'\'''
libdir='${exec_prefix}/lib'
libexecdir='${exec_prefix}/libexec'
localedir='${datarootdir}/locale'
localstatedir='${prefix}/var'
mandir='${datarootdir}/man'
mkdir_p='$(MKDIR_P)'
oldincludedir='/usr/include'
pdfdir='${docdir}'
prefix='/mingw32'
program_transform_name='s,x,x,'
psdir='${docdir}'
runstatedir='${localstatedir}/run'
sbindir='${exec_prefix}/sbin'
sharedstatedir='${prefix}/com'
sysconfdir='${prefix}/etc'
target_alias=''

## ----------- ##
## confdefs.h. ##
## ----------- ##

/* confdefs.h */
#define PACKAGE_NAME "libenet"
#define PACKAGE_TARNAME "libenet"
#define PACKAGE_VERSION "1.3.17"
#define PACKAGE_STRING "libenet 1.3.17"
#define PACKAGE_BUGREPORT ""
#define PACKAGE_URL ""
#define PACKAGE "libenet"
#define VERSION "1.3.17"
#define HAVE_STDIO_H 1
#define HAVE_STDLIB_H 1
#define HAVE_STRING_H 1
#define HAVE_INTTYPES_H 1
#define HAVE_STDINT_H 1
#define HAVE_STRINGS_H 1
#define HAVE_SYS_STAT_H 1
#define HAVE_SYS_TYPES_H 1
#define HAVE_UNISTD_H 1
#define STDC_HEADERS 1
#define LT_OBJDIR ".libs/"

configure: exit 0
